<?xml version="1.0" encoding="utf-8"?><testsuites name="pytest tests"><testsuite name="pytest" errors="0" failures="0" skipped="0" tests="34" time="41.716" timestamp="2026-05-19T21:40:41.823524+00:00" hostname="agent-env-e3c2588b-de06-4d28-bdb1-9a4d48463e06"><testcase classname="backend.tests.test_iteration2.TestAuthRegister" name="test_register_creates_user_and_session" time="1.559" /><testcase classname="backend.tests.test_iteration2.TestAuthRegister" name="test_register_duplicate_409" time="1.724" /><testcase classname="backend.tests.test_iteration2.TestAuthRegister" name="test_register_short_password_400" time="0.301" /><testcase classname="backend.tests.test_iteration2.TestAuthRegister" name="test_register_invalid_email_400" time="0.256" /><testcase classname="backend.tests.test_iteration2.TestAuthRegister" name="test_register_founder_email_auto_admin" time="1.346" /><testcase classname="backend.tests.test_iteration2.TestAuthRegister" name="test_register_founder2_email_auto_admin" time="1.166" /><testcase classname="backend.tests.test_iteration2.TestAuthLogin" name="test_login_success" time="2.665" /><testcase classname="backend.tests.test_iteration2.TestAuthLogin" name="test_login_bad_password_401" time="0.805" /><testcase classname="backend.tests.test_iteration2.TestAuthLogin" name="test_login_unknown_email_401" time="0.322" /><testcase classname="backend.tests.test_iteration2.TestAuthLogin" name="test_login_founder_repromotes_to_admin" time="2.119" /><testcase classname="backend.tests.test_iteration2.TestForgotResetPassword" name="test_forgot_password_nonexistent_returns_ok" time="1.612" /><testcase classname="backend.tests.test_iteration2.TestForgotResetPassword" name="test_forgot_password_existing_creates_token" time="0.778" /><testcase classname="backend.tests.test_iteration2.TestForgotResetPassword" name="test_reset_password_missing_token_400" time="0.363" /><testcase classname="backend.tests.test_iteration2.TestForgotResetPassword" name="test_reset_password_short_400" time="0.306" /><testcase classname="backend.tests.test_iteration2.TestForgotResetPassword" name="test_reset_password_invalid_token_400" time="0.247" /><testcase classname="backend.tests.test_iteration2.TestForgotResetPassword" name="test_reset_password_valid_token_works_then_used" time="3.709" /><testcase classname="backend.tests.test_iteration2.TestForgotResetPassword" name="test_reset_password_expired_token_400" time="0.395" /><testcase classname="backend.tests.test_iteration2.TestUpdateMe" name="test_update_profile_fields" time="1.939" /><testcase classname="backend.tests.test_iteration2.TestUpdateMe" name="test_update_password_short_rejected" time="0.380" /><testcase classname="backend.tests.test_iteration2.TestUpdateMe" name="test_update_password_valid_changes_login" time="1.957" /><testcase classname="backend.tests.test_iteration2.TestUpdateMe" name="test_update_me_unauthorized" time="0.307" /><testcase classname="backend.tests.test_iteration2.TestAdminUsersAndFounderRBAC" name="test_admin_users_list_includes_users" time="5.096" /><testcase classname="backend.tests.test_iteration2.TestAdminUsersAndFounderRBAC" name="test_admin_users_requires_admin" time="0.286" /><testcase classname="backend.tests.test_iteration2.TestAdminUsersAndFounderRBAC" name="test_founder_can_change_role" time="0.260" /><testcase classname="backend.tests.test_iteration2.TestAdminUsersAndFounderRBAC" name="test_nonfounder_admin_cannot_change_role" time="0.293" /><testcase classname="backend.tests.test_iteration2.TestAdminUsersAndFounderRBAC" name="test_founder_cannot_demote_other_founder" time="1.627" /><testcase classname="backend.tests.test_iteration2.TestAdminUsersAndFounderRBAC" name="test_invalid_role_rejected" time="0.352" /><testcase classname="backend.tests.test_iteration2.TestAdminUsersAndFounderRBAC" name="test_role_change_nonexistent_user_404" time="0.325" /><testcase classname="backend.tests.test_iteration2.TestSiteSettingsAndMinimumCharge" name="test_defaults_include_minimum_and_outlet" time="0.320" /><testcase classname="backend.tests.test_iteration2.TestSiteSettingsAndMinimumCharge" name="test_outlet_job_priced_at_25" time="1.376" /><testcase classname="backend.tests.test_iteration2.TestSiteSettingsAndMinimumCharge" name="test_quoted_below_minimum_forced_up" time="1.221" /><testcase classname="backend.tests.test_iteration2.TestSiteSettingsAndMinimumCharge" name="test_quoted_above_minimum_respected" time="1.322" /><testcase classname="backend.tests.test_iteration2.TestHybridAuth" name="test_password_session_works_on_authed_route" time="2.314" /><testcase classname="backend.tests.test_iteration2" name="test_jobs_unauth_still_works" time="1.328" /></testsuite></testsuites>