<?xml version="1.0" encoding="utf-8"?><testsuites name="pytest tests"><testsuite name="pytest" errors="0" failures="0" skipped="0" tests="15" time="51.489" timestamp="2026-05-19T22:25:38.071741+00:00" hostname="agent-env-e3c2588b-de06-4d28-bdb1-9a4d48463e06"><testcase classname="backend.tests.test_iteration3.TestPublicTrackJob" name="test_track_returns_safe_subset_no_auth" time="2.388" /><testcase classname="backend.tests.test_iteration3.TestPublicTrackJob" name="test_track_invalid_404" time="0.237" /><testcase classname="backend.tests.test_iteration3.TestPublicTrackJob" name="test_track_includes_worker_name_after_assignment" time="4.989" /><testcase classname="backend.tests.test_iteration3.TestPublicTrackJob" name="test_track_includes_photo_paths_when_present" time="2.870" /><testcase classname="backend.tests.test_iteration3.TestAutoPayoutOnComplete" name="test_complete_with_marketer_creates_3_payouts" time="8.928" /><testcase classname="backend.tests.test_iteration3.TestAutoPayoutOnComplete" name="test_complete_without_marketer_creates_2_payouts" time="3.955" /><testcase classname="backend.tests.test_iteration3.TestAutoPayoutOnComplete" name="test_re_complete_does_not_duplicate_payouts" time="2.984" /><testcase classname="backend.tests.test_iteration3.TestAutoPayoutOnComplete" name="test_auto_payout_false_skips_creation" time="2.991" /><testcase classname="backend.tests.test_iteration3.TestAutoPayoutOnComplete" name="test_status_transition_to_in_progress_no_payouts" time="3.812" /><testcase classname="backend.tests.test_iteration3.TestAutoPayoutOnComplete" name="test_invalid_status_400" time="3.183" /><testcase classname="backend.tests.test_iteration3.TestAutoPayoutOnComplete" name="test_status_update_unknown_job_404" time="0.244" /><testcase classname="backend.tests.test_iteration3.TestAutoPayoutOnComplete" name="test_status_update_requires_admin" time="4.921" /><testcase classname="backend.tests.test_iteration3.TestStripeOnboardGraceful" name="test_stripe_onboard_returns_502_when_connect_not_enabled" time="2.797" /><testcase classname="backend.tests.test_iteration3.TestSMTPGraceful" name="test_forgot_password_does_not_crash_with_real_smtp" time="3.073" /><testcase classname="backend.tests.test_iteration3.TestSMTPGraceful" name="test_create_job_does_not_crash_when_smtp_called" time="3.568" /></testsuite></testsuites>