<?xml version="1.0" encoding="utf-8"?><testsuites name="pytest tests"><testsuite name="pytest" errors="0" failures="0" skipped="0" tests="81" time="191.704" timestamp="2026-05-19T22:26:35.621616+00:00" hostname="agent-env-e3c2588b-de06-4d28-bdb1-9a4d48463e06"><testcase classname="backend.tests.backend_test" name="test_root" time="0.228" /><testcase classname="backend.tests.backend_test" name="test_site_settings_defaults" time="0.167" /><testcase classname="backend.tests.backend_test" name="test_portfolio_list_public" time="0.229" /><testcase classname="backend.tests.backend_test" name="test_create_job_no_auth_invalid_referral_nulled" time="4.413" /><testcase classname="backend.tests.backend_test" name="test_referral_invalid" time="0.232" /><testcase classname="backend.tests.backend_test" name="test_auth_session_bad_id" time="0.372" /><testcase classname="backend.tests.backend_test" name="test_auth_session_missing_id" time="0.199" /><testcase classname="backend.tests.backend_test" name="test_auth_required_401[/auth/me]" time="0.212" /><testcase classname="backend.tests.backend_test" name="test_auth_required_401[/workers/me]" time="0.189" /><testcase classname="backend.tests.backend_test" name="test_auth_required_401[/marketers/me]" time="0.179" /><testcase classname="backend.tests.backend_test" name="test_auth_required_401[/w9/me]" time="0.185" /><testcase classname="backend.tests.backend_test" name="test_auth_required_401[/jobs/me]" time="0.181" /><testcase classname="backend.tests.backend_test" name="test_auth_required_401[/payouts/me]" time="0.191" /><testcase classname="backend.tests.backend_test" name="test_auth_required_401[/earnings/summary]" time="0.215" /><testcase classname="backend.tests.backend_test" name="test_admin_only_forbidden[GET-/jobs-None]" time="0.213" /><testcase classname="backend.tests.backend_test" name="test_admin_only_forbidden[GET-/workers-None]" time="0.185" /><testcase classname="backend.tests.backend_test" name="test_admin_only_forbidden[GET-/marketers-None]" time="0.202" /><testcase classname="backend.tests.backend_test" name="test_admin_only_forbidden[GET-/admin/stats-None]" time="0.230" /><testcase classname="backend.tests.backend_test" name="test_admin_only_forbidden[POST-/payouts-body4]" time="0.209" /><testcase classname="backend.tests.backend_test" name="test_admin_only_forbidden[POST-/portfolio-body5]" time="0.225" /><testcase classname="backend.tests.backend_test" name="test_admin_only_forbidden[PUT-/site/settings-body6]" time="0.214" /><testcase classname="backend.tests.backend_test" name="test_auth_me_ok" time="0.187" /><testcase classname="backend.tests.backend_test" name="test_worker_signup_and_me" time="0.428" /><testcase classname="backend.tests.backend_test" name="test_marketer_signup_and_referral" time="3.785" /><testcase classname="backend.tests.backend_test" name="test_w9_sign" time="0.426" /><testcase classname="backend.tests.backend_test" name="test_admin_stats" time="0.205" /><testcase classname="backend.tests.backend_test" name="test_admin_list_jobs" time="0.228" /><testcase classname="backend.tests.backend_test" name="test_admin_assign_and_status" time="3.487" /><testcase classname="backend.tests.backend_test" name="test_payout_and_earnings" time="0.816" /><testcase classname="backend.tests.backend_test" name="test_site_settings_update" time="0.730" /><testcase classname="backend.tests.backend_test" name="test_portfolio_crud" time="1.006" /><testcase classname="backend.tests.backend_test" name="test_upload_and_serve" time="0.996" /><testcase classname="backend.tests.test_iteration2.TestAuthRegister" name="test_register_creates_user_and_session" time="1.682" /><testcase classname="backend.tests.test_iteration2.TestAuthRegister" name="test_register_duplicate_409" time="1.729" /><testcase classname="backend.tests.test_iteration2.TestAuthRegister" name="test_register_short_password_400" time="0.229" /><testcase classname="backend.tests.test_iteration2.TestAuthRegister" name="test_register_invalid_email_400" time="0.206" /><testcase classname="backend.tests.test_iteration2.TestAuthRegister" name="test_register_founder_email_auto_admin" time="2.657" /><testcase classname="backend.tests.test_iteration2.TestAuthRegister" name="test_register_founder2_email_auto_admin" time="1.665" /><testcase classname="backend.tests.test_iteration2.TestAuthLogin" name="test_login_success" time="3.790" /><testcase classname="backend.tests.test_iteration2.TestAuthLogin" name="test_login_bad_password_401" time="0.592" /><testcase classname="backend.tests.test_iteration2.TestAuthLogin" name="test_login_unknown_email_401" time="0.213" /><testcase classname="backend.tests.test_iteration2.TestAuthLogin" name="test_login_founder_repromotes_to_admin" time="2.422" /><testcase classname="backend.tests.test_iteration2.TestForgotResetPassword" name="test_forgot_password_nonexistent_returns_ok" time="2.053" /><testcase classname="backend.tests.test_iteration2.TestForgotResetPassword" name="test_forgot_password_existing_creates_token" time="1.278" /><testcase classname="backend.tests.test_iteration2.TestForgotResetPassword" name="test_reset_password_missing_token_400" time="0.217" /><testcase classname="backend.tests.test_iteration2.TestForgotResetPassword" name="test_reset_password_short_400" time="0.183" /><testcase classname="backend.tests.test_iteration2.TestForgotResetPassword" name="test_reset_password_invalid_token_400" time="0.193" /><testcase classname="backend.tests.test_iteration2.TestForgotResetPassword" name="test_reset_password_valid_token_works_then_used" time="3.591" /><testcase classname="backend.tests.test_iteration2.TestForgotResetPassword" name="test_reset_password_expired_token_400" time="0.218" /><testcase classname="backend.tests.test_iteration2.TestUpdateMe" name="test_update_profile_fields" time="2.521" /><testcase classname="backend.tests.test_iteration2.TestUpdateMe" name="test_update_password_short_rejected" time="0.214" /><testcase classname="backend.tests.test_iteration2.TestUpdateMe" name="test_update_password_valid_changes_login" time="1.201" /><testcase classname="backend.tests.test_iteration2.TestUpdateMe" name="test_update_me_unauthorized" time="0.210" /><testcase classname="backend.tests.test_iteration2.TestAdminUsersAndFounderRBAC" name="test_admin_users_list_includes_users" time="6.154" /><testcase classname="backend.tests.test_iteration2.TestAdminUsersAndFounderRBAC" name="test_admin_users_requires_admin" time="0.200" /><testcase classname="backend.tests.test_iteration2.TestAdminUsersAndFounderRBAC" name="test_founder_can_change_role" time="0.211" /><testcase classname="backend.tests.test_iteration2.TestAdminUsersAndFounderRBAC" name="test_nonfounder_admin_cannot_change_role" time="0.243" /><testcase classname="backend.tests.test_iteration2.TestAdminUsersAndFounderRBAC" name="test_founder_cannot_demote_other_founder" time="71.020" /><testcase classname="backend.tests.test_iteration2.TestAdminUsersAndFounderRBAC" name="test_invalid_role_rejected" time="0.233" /><testcase classname="backend.tests.test_iteration2.TestAdminUsersAndFounderRBAC" name="test_role_change_nonexistent_user_404" time="0.197" /><testcase classname="backend.tests.test_iteration2.TestSiteSettingsAndMinimumCharge" name="test_defaults_include_minimum_and_outlet" time="0.204" /><testcase classname="backend.tests.test_iteration2.TestSiteSettingsAndMinimumCharge" name="test_outlet_job_priced_at_25" time="2.574" /><testcase classname="backend.tests.test_iteration2.TestSiteSettingsAndMinimumCharge" name="test_quoted_below_minimum_forced_up" time="3.464" /><testcase classname="backend.tests.test_iteration2.TestSiteSettingsAndMinimumCharge" name="test_quoted_above_minimum_respected" time="2.757" /><testcase classname="backend.tests.test_iteration2.TestHybridAuth" name="test_password_session_works_on_authed_route" time="2.530" /><testcase classname="backend.tests.test_iteration2" name="test_jobs_unauth_still_works" time="3.105" /><testcase classname="backend.tests.test_iteration3.TestPublicTrackJob" name="test_track_returns_safe_subset_no_auth" time="2.994" /><testcase classname="backend.tests.test_iteration3.TestPublicTrackJob" name="test_track_invalid_404" time="0.205" /><testcase classname="backend.tests.test_iteration3.TestPublicTrackJob" name="test_track_includes_worker_name_after_assignment" time="4.162" /><testcase classname="backend.tests.test_iteration3.TestPublicTrackJob" name="test_track_includes_photo_paths_when_present" time="2.769" /><testcase classname="backend.tests.test_iteration3.TestAutoPayoutOnComplete" name="test_complete_with_marketer_creates_3_payouts" time="10.954" /><testcase classname="backend.tests.test_iteration3.TestAutoPayoutOnComplete" name="test_complete_without_marketer_creates_2_payouts" time="3.687" /><testcase classname="backend.tests.test_iteration3.TestAutoPayoutOnComplete" name="test_re_complete_does_not_duplicate_payouts" time="3.831" /><testcase classname="backend.tests.test_iteration3.TestAutoPayoutOnComplete" name="test_auto_payout_false_skips_creation" time="2.746" /><testcase classname="backend.tests.test_iteration3.TestAutoPayoutOnComplete" name="test_status_transition_to_in_progress_no_payouts" time="3.168" /><testcase classname="backend.tests.test_iteration3.TestAutoPayoutOnComplete" name="test_invalid_status_400" time="2.946" /><testcase classname="backend.tests.test_iteration3.TestAutoPayoutOnComplete" name="test_status_update_unknown_job_404" time="0.188" /><testcase classname="backend.tests.test_iteration3.TestAutoPayoutOnComplete" name="test_status_update_requires_admin" time="4.259" /><testcase classname="backend.tests.test_iteration3.TestStripeOnboardGraceful" name="test_stripe_onboard_returns_502_when_connect_not_enabled" time="2.528" /><testcase classname="backend.tests.test_iteration3.TestSMTPGraceful" name="test_forgot_password_does_not_crash_with_real_smtp" time="2.918" /><testcase classname="backend.tests.test_iteration3.TestSMTPGraceful" name="test_create_job_does_not_crash_when_smtp_called" time="2.769" /></testsuite></testsuites>