<?xml version="1.0" encoding="utf-8"?><testsuites name="pytest tests"><testsuite name="pytest" errors="0" failures="0" skipped="0" tests="66" time="109.910" timestamp="2026-05-19T21:41:40.356150+00:00" hostname="agent-env-e3c2588b-de06-4d28-bdb1-9a4d48463e06"><testcase classname="backend.tests.backend_test" name="test_root" time="0.507" /><testcase classname="backend.tests.backend_test" name="test_site_settings_defaults" time="0.600" /><testcase classname="backend.tests.backend_test" name="test_portfolio_list_public" time="0.511" /><testcase classname="backend.tests.backend_test" name="test_create_job_no_auth_invalid_referral_nulled" time="1.786" /><testcase classname="backend.tests.backend_test" name="test_referral_invalid" time="0.355" /><testcase classname="backend.tests.backend_test" name="test_auth_session_bad_id" time="0.686" /><testcase classname="backend.tests.backend_test" name="test_auth_session_missing_id" time="0.413" /><testcase classname="backend.tests.backend_test" name="test_auth_required_401[/auth/me]" time="0.265" /><testcase classname="backend.tests.backend_test" name="test_auth_required_401[/workers/me]" time="0.367" /><testcase classname="backend.tests.backend_test" name="test_auth_required_401[/marketers/me]" time="0.278" /><testcase classname="backend.tests.backend_test" name="test_auth_required_401[/w9/me]" time="0.305" /><testcase classname="backend.tests.backend_test" name="test_auth_required_401[/jobs/me]" time="0.300" /><testcase classname="backend.tests.backend_test" name="test_auth_required_401[/payouts/me]" time="0.396" /><testcase classname="backend.tests.backend_test" name="test_auth_required_401[/earnings/summary]" time="0.300" /><testcase classname="backend.tests.backend_test" name="test_admin_only_forbidden[GET-/jobs-None]" time="0.364" /><testcase classname="backend.tests.backend_test" name="test_admin_only_forbidden[GET-/workers-None]" time="0.298" /><testcase classname="backend.tests.backend_test" name="test_admin_only_forbidden[GET-/marketers-None]" time="0.291" /><testcase classname="backend.tests.backend_test" name="test_admin_only_forbidden[GET-/admin/stats-None]" time="0.275" /><testcase classname="backend.tests.backend_test" name="test_admin_only_forbidden[POST-/payouts-body4]" time="0.321" /><testcase classname="backend.tests.backend_test" name="test_admin_only_forbidden[POST-/portfolio-body5]" time="0.283" /><testcase classname="backend.tests.backend_test" name="test_admin_only_forbidden[PUT-/site/settings-body6]" time="0.422" /><testcase classname="backend.tests.backend_test" name="test_auth_me_ok" time="0.351" /><testcase classname="backend.tests.backend_test" name="test_worker_signup_and_me" time="0.614" /><testcase classname="backend.tests.backend_test" name="test_marketer_signup_and_referral" time="1.871" /><testcase classname="backend.tests.backend_test" name="test_w9_sign" time="0.545" /><testcase classname="backend.tests.backend_test" name="test_admin_stats" time="0.324" /><testcase classname="backend.tests.backend_test" name="test_admin_list_jobs" time="0.307" /><testcase classname="backend.tests.backend_test" name="test_admin_assign_and_status" time="2.685" /><testcase classname="backend.tests.backend_test" name="test_payout_and_earnings" time="0.924" /><testcase classname="backend.tests.backend_test" name="test_site_settings_update" time="0.631" /><testcase classname="backend.tests.backend_test" name="test_portfolio_crud" time="1.206" /><testcase classname="backend.tests.backend_test" name="test_upload_and_serve" time="1.135" /><testcase classname="backend.tests.test_iteration2.TestAuthRegister" name="test_register_creates_user_and_session" time="1.499" /><testcase classname="backend.tests.test_iteration2.TestAuthRegister" name="test_register_duplicate_409" time="1.621" /><testcase classname="backend.tests.test_iteration2.TestAuthRegister" name="test_register_short_password_400" time="0.430" /><testcase classname="backend.tests.test_iteration2.TestAuthRegister" name="test_register_invalid_email_400" time="0.324" /><testcase classname="backend.tests.test_iteration2.TestAuthRegister" name="test_register_founder_email_auto_admin" time="1.347" /><testcase classname="backend.tests.test_iteration2.TestAuthRegister" name="test_register_founder2_email_auto_admin" time="1.351" /><testcase classname="backend.tests.test_iteration2.TestAuthLogin" name="test_login_success" time="2.755" /><testcase classname="backend.tests.test_iteration2.TestAuthLogin" name="test_login_bad_password_401" time="0.845" /><testcase classname="backend.tests.test_iteration2.TestAuthLogin" name="test_login_unknown_email_401" time="0.317" /><testcase classname="backend.tests.test_iteration2.TestAuthLogin" name="test_login_founder_repromotes_to_admin" time="2.471" /><testcase classname="backend.tests.test_iteration2.TestForgotResetPassword" name="test_forgot_password_nonexistent_returns_ok" time="1.921" /><testcase classname="backend.tests.test_iteration2.TestForgotResetPassword" name="test_forgot_password_existing_creates_token" time="0.963" /><testcase classname="backend.tests.test_iteration2.TestForgotResetPassword" name="test_reset_password_missing_token_400" time="0.367" /><testcase classname="backend.tests.test_iteration2.TestForgotResetPassword" name="test_reset_password_short_400" time="0.333" /><testcase classname="backend.tests.test_iteration2.TestForgotResetPassword" name="test_reset_password_invalid_token_400" time="0.362" /><testcase classname="backend.tests.test_iteration2.TestForgotResetPassword" name="test_reset_password_valid_token_works_then_used" time="39.443" /><testcase classname="backend.tests.test_iteration2.TestForgotResetPassword" name="test_reset_password_expired_token_400" time="19.792" /><testcase classname="backend.tests.test_iteration2.TestUpdateMe" name="test_update_profile_fields" time="1.277" /><testcase classname="backend.tests.test_iteration2.TestUpdateMe" name="test_update_password_short_rejected" time="0.260" /><testcase classname="backend.tests.test_iteration2.TestUpdateMe" name="test_update_password_valid_changes_login" time="1.405" /><testcase classname="backend.tests.test_iteration2.TestUpdateMe" name="test_update_me_unauthorized" time="0.265" /><testcase classname="backend.tests.test_iteration2.TestAdminUsersAndFounderRBAC" name="test_admin_users_list_includes_users" time="3.630" /><testcase classname="backend.tests.test_iteration2.TestAdminUsersAndFounderRBAC" name="test_admin_users_requires_admin" time="0.204" /><testcase classname="backend.tests.test_iteration2.TestAdminUsersAndFounderRBAC" name="test_founder_can_change_role" time="0.200" /><testcase classname="backend.tests.test_iteration2.TestAdminUsersAndFounderRBAC" name="test_nonfounder_admin_cannot_change_role" time="0.192" /><testcase classname="backend.tests.test_iteration2.TestAdminUsersAndFounderRBAC" name="test_founder_cannot_demote_other_founder" time="0.879" /><testcase classname="backend.tests.test_iteration2.TestAdminUsersAndFounderRBAC" name="test_invalid_role_rejected" time="0.209" /><testcase classname="backend.tests.test_iteration2.TestAdminUsersAndFounderRBAC" name="test_role_change_nonexistent_user_404" time="0.237" /><testcase classname="backend.tests.test_iteration2.TestSiteSettingsAndMinimumCharge" name="test_defaults_include_minimum_and_outlet" time="0.217" /><testcase classname="backend.tests.test_iteration2.TestSiteSettingsAndMinimumCharge" name="test_outlet_job_priced_at_25" time="0.374" /><testcase classname="backend.tests.test_iteration2.TestSiteSettingsAndMinimumCharge" name="test_quoted_below_minimum_forced_up" time="0.359" /><testcase classname="backend.tests.test_iteration2.TestSiteSettingsAndMinimumCharge" name="test_quoted_above_minimum_respected" time="0.398" /><testcase classname="backend.tests.test_iteration2.TestHybridAuth" name="test_password_session_works_on_authed_route" time="1.434" /><testcase classname="backend.tests.test_iteration2" name="test_jobs_unauth_still_works" time="0.442" /></testsuite></testsuites>